<?xml version="1.0" encoding="UTF-8"?>
<testng-results ignored="0" total="3" passed="3" failed="0" skipped="0">
  <reporter-output>
  </reporter-output>
  <suite started-at="2020-02-21T00:22:58 IST" name="wordpress" finished-at="2020-02-21T00:23:16 IST" duration-ms="18237">
    <groups>
    </groups>
    <test started-at="2020-02-21T00:22:58 IST" name="wordpressTest1" finished-at="2020-02-21T00:23:16 IST" duration-ms="18237">
      <class name="com.PageObjectsTest.LoginTest">
        <test-method is-config="true" signature="setUp(java.lang.String)[pri:0, instance:com.PageObjectsTest.LoginTest@60dcc9fe]" started-at="2020-02-21T00:22:58 IST" name="setUp" finished-at="2020-02-21T00:23:04 IST" duration-ms="5513" status="PASS">
          <params>
            <param index="0">
              <value>
                <![CDATA[chrome]]>
              </value>
            </param>
          </params>
          <reporter-output>
          </reporter-output>
        </test-method> <!-- setUp -->
        <test-method signature="logIn()[pri:0, instance:com.PageObjectsTest.LoginTest@60dcc9fe]" started-at="2020-02-21T00:23:04 IST" name="logIn" finished-at="2020-02-21T00:23:09 IST" duration-ms="5547" status="PASS">
          <reporter-output>
          </reporter-output>
        </test-method> <!-- logIn -->
        <test-method signature="loginByFirstUsernameTest()[pri:0, instance:com.PageObjectsTest.LoginTest@60dcc9fe]" started-at="2020-02-21T00:23:09 IST" name="loginByFirstUsernameTest" finished-at="2020-02-21T00:23:16 IST" depends-on-methods="com.PageObjectsTest.LoginTest.logIn" duration-ms="6530" status="PASS">
          <reporter-output>
          </reporter-output>
        </test-method> <!-- loginByFirstUsernameTest -->
        <test-method signature="signUpTest()[pri:0, instance:com.PageObjectsTest.LoginTest@60dcc9fe]" started-at="2020-02-21T00:23:16 IST" name="signUpTest" finished-at="2020-02-21T00:23:16 IST" depends-on-methods="com.PageObjectsTest.LoginTest.loginByFirstUsernameTest" duration-ms="612" status="PASS">
          <reporter-output>
          </reporter-output>
        </test-method> <!-- signUpTest -->
      </class> <!-- com.PageObjectsTest.LoginTest -->
    </test> <!-- wordpressTest1 -->
  </suite> <!-- wordpress -->
</testng-results>
