<?xml version="1.0" encoding="UTF-8"?>
<!-- Generated by org.testng.reporters.JUnitXMLReporter -->
<testsuite ignored="0" hostname="LAPTOP-1S7CKAI6" failures="0" tests="3" name="wordpressTest1" time="18.237" errors="0" timestamp="2020-02-21T00:23:16 IST">
  <testcase classname="com.PageObjectsTest.LoginTest" name="logIn" time="5.547"/>
  <testcase classname="com.PageObjectsTest.LoginTest" name="loginByFirstUsernameTest" time="6.53"/>
  <testcase classname="com.PageObjectsTest.LoginTest" name="signUpTest" time="0.612"/>
</testsuite> <!-- wordpressTest1 -->
